2026-06-06 01:18:09 [INFO] __main__: === FC Bot starting (all phases) ===
2026-06-06 01:18:09 [INFO] db.database: Database schema ready
2026-06-06 01:18:09 [INFO] db.database: Synced 1 EA account(s) to database
2026-06-06 01:18:09 [INFO] order_queue.manager: QueueManager starting…
2026-06-06 01:18:09 [INFO] order_queue.manager: Account 1 (Boyflame2974@gmail.com): no valid session — attempting login…
2026-06-06 01:18:09 [INFO] auth.login: Login attempt 1/3 for account 1 (Boyflame2974@gmail.com)
2026-06-06 01:18:53 [ERROR] auth.login: Login attempt error for account 1: Page.wait_for_selector: Timeout 20000ms exceeded.
Call log:
  - waiting for locator("#email") to be visible
Traceback (most recent call last):
  File "C:\Users\saman\Desktop\dooste koni\auth\login.py", line 254, in _single_login_attempt
    await _fill_credentials(page, email, password)
  File "C:\Users\saman\Desktop\dooste koni\auth\login.py", line 68, in _fill_credentials
    await page.wait_for_selector(SEL_EMAIL, timeout=20_000)
  File "C:\Users\saman\AppData\Local\Programs\Python\Python313\Lib\site-packages\playwright\async_api\_generated.py", line 8795, in wait_for_selector
    await self._impl_obj.wait_for_selector(
    ...<4 lines>...
    )
  File "C:\Users\saman\AppData\Local\Programs\Python\Python313\Lib\site-packages\playwright\_impl\_page.py", line 424, in wait_for_selector
    return await self._main_frame.wait_for_selector(**locals_to_params(locals()))
           ^^^^^^^^^^^^^^^^^^^^^^^^^^^^^^^^^^^^^^^^^^^^^^^^^^^^^^^^^^^^^^^^^^^^^^
  File "C:\Users\saman\AppData\Local\Programs\Python\Python313\Lib\site-packages\playwright\_impl\_frame.py", line 372, in wait_for_selector
    await self._channel.send(
        "waitForSelector", self._timeout, locals_to_params(locals())
    )
  File "C:\Users\saman\AppData\Local\Programs\Python\Python313\Lib\site-packages\playwright\_impl\_connection.py", line 69, in send
    return await self._connection.wrap_api_call(
           ^^^^^^^^^^^^^^^^^^^^^^^^^^^^^^^^^^^^^
    ...<3 lines>...
    )
    ^
  File "C:\Users\saman\AppData\Local\Programs\Python\Python313\Lib\site-packages\playwright\_impl\_connection.py", line 559, in wrap_api_call
    raise rewrite_error(error, f"{parsed_st['apiName']}: {error}") from None
playwright._impl._errors.TimeoutError: Page.wait_for_selector: Timeout 20000ms exceeded.
Call log:
  - waiting for locator("#email") to be visible

2026-06-06 01:18:53 [WARNING] auth.login: Attempt 1 failed — retrying in 5s…
2026-06-06 01:18:58 [INFO] auth.login: Login attempt 2/3 for account 1 (Boyflame2974@gmail.com)
2026-06-06 01:19:27 [ERROR] auth.login: Login attempt error for account 1: Page.wait_for_selector: Timeout 20000ms exceeded.
Call log:
  - waiting for locator("#email") to be visible
Traceback (most recent call last):
  File "C:\Users\saman\Desktop\dooste koni\auth\login.py", line 254, in _single_login_attempt
    await _fill_credentials(page, email, password)
  File "C:\Users\saman\Desktop\dooste koni\auth\login.py", line 68, in _fill_credentials
    await page.wait_for_selector(SEL_EMAIL, timeout=20_000)
  File "C:\Users\saman\AppData\Local\Programs\Python\Python313\Lib\site-packages\playwright\async_api\_generated.py", line 8795, in wait_for_selector
    await self._impl_obj.wait_for_selector(
    ...<4 lines>...
    )
  File "C:\Users\saman\AppData\Local\Programs\Python\Python313\Lib\site-packages\playwright\_impl\_page.py", line 424, in wait_for_selector
    return await self._main_frame.wait_for_selector(**locals_to_params(locals()))
           ^^^^^^^^^^^^^^^^^^^^^^^^^^^^^^^^^^^^^^^^^^^^^^^^^^^^^^^^^^^^^^^^^^^^^^
  File "C:\Users\saman\AppData\Local\Programs\Python\Python313\Lib\site-packages\playwright\_impl\_frame.py", line 372, in wait_for_selector
    await self._channel.send(
        "waitForSelector", self._timeout, locals_to_params(locals())
    )
  File "C:\Users\saman\AppData\Local\Programs\Python\Python313\Lib\site-packages\playwright\_impl\_connection.py", line 69, in send
    return await self._connection.wrap_api_call(
           ^^^^^^^^^^^^^^^^^^^^^^^^^^^^^^^^^^^^^
    ...<3 lines>...
    )
    ^
  File "C:\Users\saman\AppData\Local\Programs\Python\Python313\Lib\site-packages\playwright\_impl\_connection.py", line 559, in wrap_api_call
    raise rewrite_error(error, f"{parsed_st['apiName']}: {error}") from None
playwright._impl._errors.TimeoutError: Page.wait_for_selector: Timeout 20000ms exceeded.
Call log:
  - waiting for locator("#email") to be visible

2026-06-06 20:30:10 [INFO] __main__: === FC Bot starting (all phases) ===
2026-06-06 20:30:10 [INFO] db.database: Database schema ready
2026-06-06 20:30:10 [INFO] db.database: Synced 1 EA account(s) to database
2026-06-06 20:30:10 [INFO] order_queue.manager: QueueManager starting…
2026-06-06 20:30:10 [INFO] order_queue.manager: Account 1 (Boyflame2974@gmail.com): no valid session — attempting login…
2026-06-06 20:30:10 [INFO] auth.login: Login attempt 1/3 for account 1 (Boyflame2974@gmail.com)
2026-06-06 20:30:56 [ERROR] auth.login: Login attempt error for account 1: Page.wait_for_selector: Timeout 20000ms exceeded.
Call log:
  - waiting for locator("#email") to be visible
Traceback (most recent call last):
  File "C:\Users\saman\Desktop\dooste koni\auth\login.py", line 254, in _single_login_attempt
    await _fill_credentials(page, email, password)
  File "C:\Users\saman\Desktop\dooste koni\auth\login.py", line 68, in _fill_credentials
    await page.wait_for_selector(SEL_EMAIL, timeout=20_000)
  File "C:\Users\saman\AppData\Local\Programs\Python\Python313\Lib\site-packages\playwright\async_api\_generated.py", line 8795, in wait_for_selector
    await self._impl_obj.wait_for_selector(
    ...<4 lines>...
    )
  File "C:\Users\saman\AppData\Local\Programs\Python\Python313\Lib\site-packages\playwright\_impl\_page.py", line 424, in wait_for_selector
    return await self._main_frame.wait_for_selector(**locals_to_params(locals()))
           ^^^^^^^^^^^^^^^^^^^^^^^^^^^^^^^^^^^^^^^^^^^^^^^^^^^^^^^^^^^^^^^^^^^^^^
  File "C:\Users\saman\AppData\Local\Programs\Python\Python313\Lib\site-packages\playwright\_impl\_frame.py", line 372, in wait_for_selector
    await self._channel.send(
        "waitForSelector", self._timeout, locals_to_params(locals())
    )
  File "C:\Users\saman\AppData\Local\Programs\Python\Python313\Lib\site-packages\playwright\_impl\_connection.py", line 69, in send
    return await self._connection.wrap_api_call(
           ^^^^^^^^^^^^^^^^^^^^^^^^^^^^^^^^^^^^^
    ...<3 lines>...
    )
    ^
  File "C:\Users\saman\AppData\Local\Programs\Python\Python313\Lib\site-packages\playwright\_impl\_connection.py", line 559, in wrap_api_call
    raise rewrite_error(error, f"{parsed_st['apiName']}: {error}") from None
playwright._impl._errors.TimeoutError: Page.wait_for_selector: Timeout 20000ms exceeded.
Call log:
  - waiting for locator("#email") to be visible

2026-06-06 20:30:56 [WARNING] auth.login: Attempt 1 failed — retrying in 5s…
2026-06-06 20:31:01 [INFO] auth.login: Login attempt 2/3 for account 1 (Boyflame2974@gmail.com)
2026-06-06 20:31:32 [ERROR] auth.login: Login attempt error for account 1: Page.wait_for_selector: Target page, context or browser has been closed
Call log:
  - waiting for locator("#email") to be visible
Traceback (most recent call last):
  File "C:\Users\saman\Desktop\dooste koni\auth\login.py", line 254, in _single_login_attempt
    await _fill_credentials(page, email, password)
  File "C:\Users\saman\Desktop\dooste koni\auth\login.py", line 68, in _fill_credentials
    await page.wait_for_selector(SEL_EMAIL, timeout=20_000)
  File "C:\Users\saman\AppData\Local\Programs\Python\Python313\Lib\site-packages\playwright\async_api\_generated.py", line 8795, in wait_for_selector
    await self._impl_obj.wait_for_selector(
    ...<4 lines>...
    )
  File "C:\Users\saman\AppData\Local\Programs\Python\Python313\Lib\site-packages\playwright\_impl\_page.py", line 424, in wait_for_selector
    return await self._main_frame.wait_for_selector(**locals_to_params(locals()))
           ^^^^^^^^^^^^^^^^^^^^^^^^^^^^^^^^^^^^^^^^^^^^^^^^^^^^^^^^^^^^^^^^^^^^^^
  File "C:\Users\saman\AppData\Local\Programs\Python\Python313\Lib\site-packages\playwright\_impl\_frame.py", line 372, in wait_for_selector
    await self._channel.send(
        "waitForSelector", self._timeout, locals_to_params(locals())
    )
  File "C:\Users\saman\AppData\Local\Programs\Python\Python313\Lib\site-packages\playwright\_impl\_connection.py", line 69, in send
    return await self._connection.wrap_api_call(
           ^^^^^^^^^^^^^^^^^^^^^^^^^^^^^^^^^^^^^
    ...<3 lines>...
    )
    ^
  File "C:\Users\saman\AppData\Local\Programs\Python\Python313\Lib\site-packages\playwright\_impl\_connection.py", line 559, in wrap_api_call
    raise rewrite_error(error, f"{parsed_st['apiName']}: {error}") from None
playwright._impl._errors.TargetClosedError: Page.wait_for_selector: Target page, context or browser has been closed
Call log:
  - waiting for locator("#email") to be visible

2026-06-06 22:07:13 [INFO] __main__: === FC Bot starting (all phases) ===
2026-06-06 22:07:13 [INFO] db.database: Database schema ready
2026-06-06 22:07:13 [INFO] db.database: Synced 1 EA account(s) to database
2026-06-06 22:07:13 [INFO] order_queue.manager: QueueManager starting…
2026-06-06 22:07:13 [INFO] order_queue.manager: Account 1 (Boyflame2974@gmail.com): no valid session — attempting login…
2026-06-06 22:07:13 [INFO] auth.login: Login attempt 1/3 for account 1 (Boyflame2974@gmail.com)
2026-06-06 22:07:51 [ERROR] auth.login: Login attempt error for account 1: Page.wait_for_selector: Timeout 20000ms exceeded.
Call log:
  - waiting for locator("#email") to be visible
Traceback (most recent call last):
  File "C:\Users\saman\Desktop\dooste koni\auth\login.py", line 254, in _single_login_attempt
    await _fill_credentials(page, email, password)
  File "C:\Users\saman\Desktop\dooste koni\auth\login.py", line 68, in _fill_credentials
    await page.wait_for_selector(SEL_EMAIL, timeout=20_000)
  File "C:\Users\saman\AppData\Local\Programs\Python\Python313\Lib\site-packages\playwright\async_api\_generated.py", line 8795, in wait_for_selector
    await self._impl_obj.wait_for_selector(
    ...<4 lines>...
    )
  File "C:\Users\saman\AppData\Local\Programs\Python\Python313\Lib\site-packages\playwright\_impl\_page.py", line 424, in wait_for_selector
    return await self._main_frame.wait_for_selector(**locals_to_params(locals()))
           ^^^^^^^^^^^^^^^^^^^^^^^^^^^^^^^^^^^^^^^^^^^^^^^^^^^^^^^^^^^^^^^^^^^^^^
  File "C:\Users\saman\AppData\Local\Programs\Python\Python313\Lib\site-packages\playwright\_impl\_frame.py", line 372, in wait_for_selector
    await self._channel.send(
        "waitForSelector", self._timeout, locals_to_params(locals())
    )
  File "C:\Users\saman\AppData\Local\Programs\Python\Python313\Lib\site-packages\playwright\_impl\_connection.py", line 69, in send
    return await self._connection.wrap_api_call(
           ^^^^^^^^^^^^^^^^^^^^^^^^^^^^^^^^^^^^^
    ...<3 lines>...
    )
    ^
  File "C:\Users\saman\AppData\Local\Programs\Python\Python313\Lib\site-packages\playwright\_impl\_connection.py", line 559, in wrap_api_call
    raise rewrite_error(error, f"{parsed_st['apiName']}: {error}") from None
playwright._impl._errors.TimeoutError: Page.wait_for_selector: Timeout 20000ms exceeded.
Call log:
  - waiting for locator("#email") to be visible

2026-06-06 22:07:51 [WARNING] auth.login: Attempt 1 failed — retrying in 5s…
2026-06-06 22:07:56 [INFO] auth.login: Login attempt 2/3 for account 1 (Boyflame2974@gmail.com)
2026-06-06 22:08:26 [ERROR] auth.login: Login attempt error for account 1: Page.wait_for_selector: Timeout 20000ms exceeded.
Call log:
  - waiting for locator("#email") to be visible
Traceback (most recent call last):
  File "C:\Users\saman\Desktop\dooste koni\auth\login.py", line 254, in _single_login_attempt
    await _fill_credentials(page, email, password)
  File "C:\Users\saman\Desktop\dooste koni\auth\login.py", line 68, in _fill_credentials
    await page.wait_for_selector(SEL_EMAIL, timeout=20_000)
  File "C:\Users\saman\AppData\Local\Programs\Python\Python313\Lib\site-packages\playwright\async_api\_generated.py", line 8795, in wait_for_selector
    await self._impl_obj.wait_for_selector(
    ...<4 lines>...
    )
  File "C:\Users\saman\AppData\Local\Programs\Python\Python313\Lib\site-packages\playwright\_impl\_page.py", line 424, in wait_for_selector
    return await self._main_frame.wait_for_selector(**locals_to_params(locals()))
           ^^^^^^^^^^^^^^^^^^^^^^^^^^^^^^^^^^^^^^^^^^^^^^^^^^^^^^^^^^^^^^^^^^^^^^
  File "C:\Users\saman\AppData\Local\Programs\Python\Python313\Lib\site-packages\playwright\_impl\_frame.py", line 372, in wait_for_selector
    await self._channel.send(
        "waitForSelector", self._timeout, locals_to_params(locals())
    )
  File "C:\Users\saman\AppData\Local\Programs\Python\Python313\Lib\site-packages\playwright\_impl\_connection.py", line 69, in send
    return await self._connection.wrap_api_call(
           ^^^^^^^^^^^^^^^^^^^^^^^^^^^^^^^^^^^^^
    ...<3 lines>...
    )
    ^
  File "C:\Users\saman\AppData\Local\Programs\Python\Python313\Lib\site-packages\playwright\_impl\_connection.py", line 559, in wrap_api_call
    raise rewrite_error(error, f"{parsed_st['apiName']}: {error}") from None
playwright._impl._errors.TimeoutError: Page.wait_for_selector: Timeout 20000ms exceeded.
Call log:
  - waiting for locator("#email") to be visible

2026-06-06 22:08:26 [WARNING] auth.login: Attempt 2 failed — retrying in 10s…
2026-06-06 22:08:36 [INFO] auth.login: Login attempt 3/3 for account 1 (Boyflame2974@gmail.com)
2026-06-06 22:09:08 [ERROR] auth.login: Login attempt error for account 1: Page.wait_for_selector: Timeout 20000ms exceeded.
Call log:
  - waiting for locator("#email") to be visible
Traceback (most recent call last):
  File "C:\Users\saman\Desktop\dooste koni\auth\login.py", line 254, in _single_login_attempt
    # Wait for EA login page to load after clicking
  File "C:\Users\saman\Desktop\dooste koni\auth\login.py", line 68, in _fill_credentials
    await page.wait_for_selector(SEL_EMAIL, timeout=20_000)
  File "C:\Users\saman\AppData\Local\Programs\Python\Python313\Lib\site-packages\playwright\async_api\_generated.py", line 8795, in wait_for_selector
    await self._impl_obj.wait_for_selector(
    ...<4 lines>...
    )
  File "C:\Users\saman\AppData\Local\Programs\Python\Python313\Lib\site-packages\playwright\_impl\_page.py", line 424, in wait_for_selector
    return await self._main_frame.wait_for_selector(**locals_to_params(locals()))
           ^^^^^^^^^^^^^^^^^^^^^^^^^^^^^^^^^^^^^^^^^^^^^^^^^^^^^^^^^^^^^^^^^^^^^^
  File "C:\Users\saman\AppData\Local\Programs\Python\Python313\Lib\site-packages\playwright\_impl\_frame.py", line 372, in wait_for_selector
    await self._channel.send(
        "waitForSelector", self._timeout, locals_to_params(locals())
    )
  File "C:\Users\saman\AppData\Local\Programs\Python\Python313\Lib\site-packages\playwright\_impl\_connection.py", line 69, in send
    return await self._connection.wrap_api_call(
           ^^^^^^^^^^^^^^^^^^^^^^^^^^^^^^^^^^^^^
    ...<3 lines>...
    )
    ^
  File "C:\Users\saman\AppData\Local\Programs\Python\Python313\Lib\site-packages\playwright\_impl\_connection.py", line 559, in wrap_api_call
    raise rewrite_error(error, f"{parsed_st['apiName']}: {error}") from None
playwright._impl._errors.TimeoutError: Page.wait_for_selector: Timeout 20000ms exceeded.
Call log:
  - waiting for locator("#email") to be visible

2026-06-06 22:09:08 [ERROR] auth.login: All login attempts failed for account 1
2026-06-06 22:09:08 [ERROR] order_queue.manager: Account 1 (Boyflame2974@gmail.com): login failed — worker will not be started
2026-06-06 22:09:08 [INFO] order_queue.manager: QueueManager ready: 0 worker(s), 0 order(s) re-queued
2026-06-06 22:09:08 [INFO] apscheduler.scheduler: Adding job tentatively -- it will be properly scheduled when the scheduler starts
2026-06-06 22:09:08 [INFO] scheduler.runner: Accounting scheduler configured — job 'accounting_9h' every 9 hours
2026-06-06 22:09:08 [INFO] apscheduler.scheduler: Added job "_accounting_job" to job store "default"
2026-06-06 22:09:08 [INFO] apscheduler.scheduler: Scheduler started
2026-06-06 22:09:08 [INFO] __main__: Accounting scheduler started (every 9 hours)
2026-06-06 22:09:38 [INFO] __main__: === FC Bot starting (all phases) ===
2026-06-06 22:09:38 [INFO] db.database: Database schema ready
2026-06-06 22:09:38 [INFO] db.database: Synced 1 EA account(s) to database
2026-06-06 22:09:38 [INFO] order_queue.manager: QueueManager starting…
2026-06-06 22:09:38 [INFO] order_queue.manager: Account 1 (Boyflame2974@gmail.com): no valid session — attempting login…
2026-06-06 22:09:38 [INFO] auth.login: Login attempt 1/3 for account 1 (Boyflame2974@gmail.com)
2026-06-06 22:10:50 [ERROR] auth.login: Login attempt error for account 1: Page.click: Timeout 30000ms exceeded.
Call log:
  - waiting for locator("#btn-next")
Traceback (most recent call last):
  File "C:\Users\saman\Desktop\dooste koni\auth\login.py", line 260, in _single_login_attempt
    await _fill_credentials(page, email, password)
  File "C:\Users\saman\Desktop\dooste koni\auth\login.py", line 70, in _fill_credentials
    await page.click(SEL_BTN_NEXT)
  File "C:\Users\saman\AppData\Local\Programs\Python\Python313\Lib\site-packages\playwright\async_api\_generated.py", line 10749, in click
    await self._impl_obj.click(
    ...<11 lines>...
    )
  File "C:\Users\saman\AppData\Local\Programs\Python\Python313\Lib\site-packages\playwright\_impl\_page.py", line 878, in click
    return await self._main_frame._click(**locals_to_params(locals()))
           ^^^^^^^^^^^^^^^^^^^^^^^^^^^^^^^^^^^^^^^^^^^^^^^^^^^^^^^^^^^
  File "C:\Users\saman\AppData\Local\Programs\Python\Python313\Lib\site-packages\playwright\_impl\_frame.py", line 569, in _click
    await self._channel.send("click", self._timeout, locals_to_params(locals()))
  File "C:\Users\saman\AppData\Local\Programs\Python\Python313\Lib\site-packages\playwright\_impl\_connection.py", line 69, in send
    return await self._connection.wrap_api_call(
           ^^^^^^^^^^^^^^^^^^^^^^^^^^^^^^^^^^^^^
    ...<3 lines>...
    )
    ^
  File "C:\Users\saman\AppData\Local\Programs\Python\Python313\Lib\site-packages\playwright\_impl\_connection.py", line 559, in wrap_api_call
    raise rewrite_error(error, f"{parsed_st['apiName']}: {error}") from None
playwright._impl._errors.TimeoutError: Page.click: Timeout 30000ms exceeded.
Call log:
  - waiting for locator("#btn-next")

2026-06-06 22:10:50 [WARNING] auth.login: Attempt 1 failed — retrying in 5s…
2026-06-06 22:10:55 [INFO] auth.login: Login attempt 2/3 for account 1 (Boyflame2974@gmail.com)
2026-06-06 22:11:40 [ERROR] auth.login: Login attempt error for account 1: Page.click: Target page, context or browser has been closed
Call log:
  - waiting for locator("#btn-next")
Traceback (most recent call last):
  File "C:\Users\saman\Desktop\dooste koni\auth\login.py", line 260, in _single_login_attempt
    await _fill_credentials(page, email, password)
  File "C:\Users\saman\Desktop\dooste koni\auth\login.py", line 70, in _fill_credentials
    await page.click(SEL_BTN_NEXT)
  File "C:\Users\saman\AppData\Local\Programs\Python\Python313\Lib\site-packages\playwright\async_api\_generated.py", line 10749, in click
    await self._impl_obj.click(
    ...<11 lines>...
    )
  File "C:\Users\saman\AppData\Local\Programs\Python\Python313\Lib\site-packages\playwright\_impl\_page.py", line 878, in click
    return await self._main_frame._click(**locals_to_params(locals()))
           ^^^^^^^^^^^^^^^^^^^^^^^^^^^^^^^^^^^^^^^^^^^^^^^^^^^^^^^^^^^
  File "C:\Users\saman\AppData\Local\Programs\Python\Python313\Lib\site-packages\playwright\_impl\_frame.py", line 569, in _click
    await self._channel.send("click", self._timeout, locals_to_params(locals()))
  File "C:\Users\saman\AppData\Local\Programs\Python\Python313\Lib\site-packages\playwright\_impl\_connection.py", line 69, in send
    return await self._connection.wrap_api_call(
           ^^^^^^^^^^^^^^^^^^^^^^^^^^^^^^^^^^^^^
    ...<3 lines>...
    )
    ^
  File "C:\Users\saman\AppData\Local\Programs\Python\Python313\Lib\site-packages\playwright\_impl\_connection.py", line 559, in wrap_api_call
    raise rewrite_error(error, f"{parsed_st['apiName']}: {error}") from None
playwright._impl._errors.TargetClosedError: Page.click: Target page, context or browser has been closed
Call log:
  - waiting for locator("#btn-next")

2026-06-06 22:12:29 [INFO] __main__: === FC Bot starting (all phases) ===
2026-06-06 22:12:29 [INFO] db.database: Database schema ready
2026-06-06 22:12:29 [INFO] db.database: Synced 1 EA account(s) to database
2026-06-06 22:12:29 [INFO] order_queue.manager: QueueManager starting…
2026-06-06 22:12:29 [INFO] order_queue.manager: Account 1 (Boyflame2974@gmail.com): no valid session — attempting login…
2026-06-06 22:12:29 [INFO] auth.login: Login attempt 1/3 for account 1 (Boyflame2974@gmail.com)
2026-06-06 22:13:32 [ERROR] auth.login: Login attempt error for account 1: Page.wait_for_selector: Timeout 20000ms exceeded.
Call log:
  - waiting for locator("input[type='email'], input[name='email'], #email, input[placeholder*='mail']") to be visible
Traceback (most recent call last):
  File "C:\Users\saman\Desktop\dooste koni\auth\login.py", line 260, in _single_login_attempt
    await _fill_credentials(page, email, password)
  File "C:\Users\saman\Desktop\dooste koni\auth\login.py", line 68, in _fill_credentials
    await page.wait_for_selector(SEL_EMAIL, timeout=20_000)
  File "C:\Users\saman\AppData\Local\Programs\Python\Python313\Lib\site-packages\playwright\async_api\_generated.py", line 8795, in wait_for_selector
    await self._impl_obj.wait_for_selector(
    ...<4 lines>...
    )
  File "C:\Users\saman\AppData\Local\Programs\Python\Python313\Lib\site-packages\playwright\_impl\_page.py", line 424, in wait_for_selector
    return await self._main_frame.wait_for_selector(**locals_to_params(locals()))
           ^^^^^^^^^^^^^^^^^^^^^^^^^^^^^^^^^^^^^^^^^^^^^^^^^^^^^^^^^^^^^^^^^^^^^^
  File "C:\Users\saman\AppData\Local\Programs\Python\Python313\Lib\site-packages\playwright\_impl\_frame.py", line 372, in wait_for_selector
    await self._channel.send(
        "waitForSelector", self._timeout, locals_to_params(locals())
    )
  File "C:\Users\saman\AppData\Local\Programs\Python\Python313\Lib\site-packages\playwright\_impl\_connection.py", line 69, in send
    return await self._connection.wrap_api_call(
           ^^^^^^^^^^^^^^^^^^^^^^^^^^^^^^^^^^^^^
    ...<3 lines>...
    )
    ^
  File "C:\Users\saman\AppData\Local\Programs\Python\Python313\Lib\site-packages\playwright\_impl\_connection.py", line 559, in wrap_api_call
    raise rewrite_error(error, f"{parsed_st['apiName']}: {error}") from None
playwright._impl._errors.TimeoutError: Page.wait_for_selector: Timeout 20000ms exceeded.
Call log:
  - waiting for locator("input[type='email'], input[name='email'], #email, input[placeholder*='mail']") to be visible

2026-06-06 22:13:32 [WARNING] auth.login: Attempt 1 failed — retrying in 5s…
2026-06-06 22:13:37 [INFO] auth.login: Login attempt 2/3 for account 1 (Boyflame2974@gmail.com)
2026-06-06 22:14:22 [ERROR] auth.login: Login attempt error for account 1: Page.click: Timeout 30000ms exceeded.
Call log:
  - waiting for locator("button[type='submit'], .btn-primary, button:has-text('NEXT')")
Traceback (most recent call last):
  File "C:\Users\saman\Desktop\dooste koni\auth\login.py", line 260, in _single_login_attempt
    await _fill_credentials(page, email, password)
  File "C:\Users\saman\Desktop\dooste koni\auth\login.py", line 70, in _fill_credentials
    await page.click(SEL_BTN_NEXT)
  File "C:\Users\saman\AppData\Local\Programs\Python\Python313\Lib\site-packages\playwright\async_api\_generated.py", line 10749, in click
    await self._impl_obj.click(
    ...<11 lines>...
    )
  File "C:\Users\saman\AppData\Local\Programs\Python\Python313\Lib\site-packages\playwright\_impl\_page.py", line 878, in click
    return await self._main_frame._click(**locals_to_params(locals()))
           ^^^^^^^^^^^^^^^^^^^^^^^^^^^^^^^^^^^^^^^^^^^^^^^^^^^^^^^^^^^
  File "C:\Users\saman\AppData\Local\Programs\Python\Python313\Lib\site-packages\playwright\_impl\_frame.py", line 569, in _click
    await self._channel.send("click", self._timeout, locals_to_params(locals()))
  File "C:\Users\saman\AppData\Local\Programs\Python\Python313\Lib\site-packages\playwright\_impl\_connection.py", line 69, in send
    return await self._connection.wrap_api_call(
           ^^^^^^^^^^^^^^^^^^^^^^^^^^^^^^^^^^^^^
    ...<3 lines>...
    )
    ^
  File "C:\Users\saman\AppData\Local\Programs\Python\Python313\Lib\site-packages\playwright\_impl\_connection.py", line 559, in wrap_api_call
    raise rewrite_error(error, f"{parsed_st['apiName']}: {error}") from None
playwright._impl._errors.TimeoutError: Page.click: Timeout 30000ms exceeded.
Call log:
  - waiting for locator("button[type='submit'], .btn-primary, button:has-text('NEXT')")

2026-06-06 22:14:22 [WARNING] auth.login: Attempt 2 failed — retrying in 10s…
2026-06-06 22:14:32 [INFO] auth.login: Login attempt 3/3 for account 1 (Boyflame2974@gmail.com)
2026-06-06 22:15:13 [ERROR] auth.login: Login attempt error for account 1: Page.click: Timeout 30000ms exceeded.
Call log:
  - waiting for locator("button[type='submit'], .btn-primary, button:has-text('NEXT')")
Traceback (most recent call last):
  File "C:\Users\saman\Desktop\dooste koni\auth\login.py", line 260, in _single_login_attempt
    await _fill_credentials(page, email, password)
  File "C:\Users\saman\Desktop\dooste koni\auth\login.py", line 70, in _fill_credentials
    await page.click(SEL_BTN_NEXT)
  File "C:\Users\saman\AppData\Local\Programs\Python\Python313\Lib\site-packages\playwright\async_api\_generated.py", line 10749, in click
    await self._impl_obj.click(
    ...<11 lines>...
    )
  File "C:\Users\saman\AppData\Local\Programs\Python\Python313\Lib\site-packages\playwright\_impl\_page.py", line 878, in click
    return await self._main_frame._click(**locals_to_params(locals()))
           ^^^^^^^^^^^^^^^^^^^^^^^^^^^^^^^^^^^^^^^^^^^^^^^^^^^^^^^^^^^
  File "C:\Users\saman\AppData\Local\Programs\Python\Python313\Lib\site-packages\playwright\_impl\_frame.py", line 569, in _click
    await self._channel.send("click", self._timeout, locals_to_params(locals()))
  File "C:\Users\saman\AppData\Local\Programs\Python\Python313\Lib\site-packages\playwright\_impl\_connection.py", line 69, in send
    return await self._connection.wrap_api_call(
           ^^^^^^^^^^^^^^^^^^^^^^^^^^^^^^^^^^^^^
    ...<3 lines>...
    )
    ^
  File "C:\Users\saman\AppData\Local\Programs\Python\Python313\Lib\site-packages\playwright\_impl\_connection.py", line 559, in wrap_api_call
    raise rewrite_error(error, f"{parsed_st['apiName']}: {error}") from None
playwright._impl._errors.TimeoutError: Page.click: Timeout 30000ms exceeded.
Call log:
  - waiting for locator("button[type='submit'], .btn-primary, button:has-text('NEXT')")

2026-06-06 22:15:13 [ERROR] auth.login: All login attempts failed for account 1
2026-06-06 22:15:13 [ERROR] order_queue.manager: Account 1 (Boyflame2974@gmail.com): login failed — worker will not be started
2026-06-06 22:15:13 [INFO] order_queue.manager: QueueManager ready: 0 worker(s), 0 order(s) re-queued
2026-06-06 22:15:13 [INFO] apscheduler.scheduler: Adding job tentatively -- it will be properly scheduled when the scheduler starts
2026-06-06 22:15:13 [INFO] scheduler.runner: Accounting scheduler configured — job 'accounting_9h' every 9 hours
2026-06-06 22:15:13 [INFO] apscheduler.scheduler: Added job "_accounting_job" to job store "default"
2026-06-06 22:15:13 [INFO] apscheduler.scheduler: Scheduler started
2026-06-06 22:15:13 [INFO] __main__: Accounting scheduler started (every 9 hours)
2026-06-06 22:15:34 [ERROR] asyncio: Unclosed client session
client_session: <aiohttp.client.ClientSession object at 0x000001F829AD3770>
2026-06-06 22:26:01 [INFO] __main__: === FC Bot starting (all phases) ===
2026-06-06 22:26:01 [INFO] db.database: Database schema ready
2026-06-06 22:26:01 [INFO] db.database: Synced 1 EA account(s) to database
2026-06-06 22:26:01 [INFO] order_queue.manager: QueueManager starting…
2026-06-06 22:26:01 [INFO] order_queue.manager: Account 1 (Boyflame2974@gmail.com): no valid session — attempting login…
2026-06-06 22:26:01 [INFO] auth.login: Login attempt 1/3 for account 1 (Boyflame2974@gmail.com)
2026-06-06 22:26:32 [ERROR] auth.login: Login attempt error for account 1: Page.goto: Timeout 30000ms exceeded.
Call log:
  - navigating to "https://www.ea.com/ea-sports-fc/ultimate-team/web-app/", waiting until "load"
Traceback (most recent call last):
  File "C:\Users\saman\Desktop\dooste koni\auth\login.py", line 245, in _single_login_attempt
    await page.goto(FC_WEBAPP_URL, timeout=30_000)
  File "C:\Users\saman\AppData\Local\Programs\Python\Python313\Lib\site-packages\playwright\async_api\_generated.py", line 9611, in goto
    await self._impl_obj.goto(
    ...<4 lines>...
    )
  File "C:\Users\saman\AppData\Local\Programs\Python\Python313\Lib\site-packages\playwright\_impl\_page.py", line 557, in goto
    return await self._main_frame.goto(**locals_to_params(locals()))
           ^^^^^^^^^^^^^^^^^^^^^^^^^^^^^^^^^^^^^^^^^^^^^^^^^^^^^^^^^
  File "C:\Users\saman\AppData\Local\Programs\Python\Python313\Lib\site-packages\playwright\_impl\_frame.py", line 156, in goto
    await self._channel.send(
        "goto", self._navigation_timeout, locals_to_params(locals())
    )
  File "C:\Users\saman\AppData\Local\Programs\Python\Python313\Lib\site-packages\playwright\_impl\_connection.py", line 69, in send
    return await self._connection.wrap_api_call(
           ^^^^^^^^^^^^^^^^^^^^^^^^^^^^^^^^^^^^^
    ...<3 lines>...
    )
    ^
  File "C:\Users\saman\AppData\Local\Programs\Python\Python313\Lib\site-packages\playwright\_impl\_connection.py", line 559, in wrap_api_call
    raise rewrite_error(error, f"{parsed_st['apiName']}: {error}") from None
playwright._impl._errors.TimeoutError: Page.goto: Timeout 30000ms exceeded.
Call log:
  - navigating to "https://www.ea.com/ea-sports-fc/ultimate-team/web-app/", waiting until "load"

2026-06-06 22:26:32 [WARNING] auth.login: Attempt 1 failed — retrying in 5s…
2026-06-06 22:26:37 [INFO] auth.login: Login attempt 2/3 for account 1 (Boyflame2974@gmail.com)
2026-06-06 22:27:08 [ERROR] auth.login: Login attempt error for account 1: Page.goto: Timeout 30000ms exceeded.
Call log:
  - navigating to "https://www.ea.com/ea-sports-fc/ultimate-team/web-app/", waiting until "load"
Traceback (most recent call last):
  File "C:\Users\saman\Desktop\dooste koni\auth\login.py", line 245, in _single_login_attempt
    await page.goto(FC_WEBAPP_URL, timeout=30_000)
  File "C:\Users\saman\AppData\Local\Programs\Python\Python313\Lib\site-packages\playwright\async_api\_generated.py", line 9611, in goto
    await self._impl_obj.goto(
    ...<4 lines>...
    )
  File "C:\Users\saman\AppData\Local\Programs\Python\Python313\Lib\site-packages\playwright\_impl\_page.py", line 557, in goto
    return await self._main_frame.goto(**locals_to_params(locals()))
           ^^^^^^^^^^^^^^^^^^^^^^^^^^^^^^^^^^^^^^^^^^^^^^^^^^^^^^^^^
  File "C:\Users\saman\AppData\Local\Programs\Python\Python313\Lib\site-packages\playwright\_impl\_frame.py", line 156, in goto
    await self._channel.send(
        "goto", self._navigation_timeout, locals_to_params(locals())
    )
  File "C:\Users\saman\AppData\Local\Programs\Python\Python313\Lib\site-packages\playwright\_impl\_connection.py", line 69, in send
    return await self._connection.wrap_api_call(
           ^^^^^^^^^^^^^^^^^^^^^^^^^^^^^^^^^^^^^
    ...<3 lines>...
    )
    ^
  File "C:\Users\saman\AppData\Local\Programs\Python\Python313\Lib\site-packages\playwright\_impl\_connection.py", line 559, in wrap_api_call
    raise rewrite_error(error, f"{parsed_st['apiName']}: {error}") from None
playwright._impl._errors.TimeoutError: Page.goto: Timeout 30000ms exceeded.
Call log:
  - navigating to "https://www.ea.com/ea-sports-fc/ultimate-team/web-app/", waiting until "load"

2026-06-06 22:27:08 [WARNING] auth.login: Attempt 2 failed — retrying in 10s…
2026-06-06 22:28:05 [INFO] __main__: === FC Bot starting (all phases) ===
2026-06-06 22:28:05 [INFO] db.database: Database schema ready
2026-06-06 22:28:05 [INFO] db.database: Synced 1 EA account(s) to database
2026-06-06 22:28:05 [INFO] order_queue.manager: QueueManager starting…
2026-06-06 22:28:05 [INFO] order_queue.manager: Account 1 (Boyflame2974@gmail.com): no valid session — attempting login…
2026-06-06 22:28:05 [INFO] auth.login: Login attempt 1/3 for account 1 (Boyflame2974@gmail.com)
2026-06-06 22:28:36 [ERROR] auth.login: Login attempt error for account 1: Page.goto: Timeout 30000ms exceeded.
Call log:
  - navigating to "https://www.ea.com/ea-sports-fc/ultimate-team/web-app/", waiting until "load"
Traceback (most recent call last):
  File "C:\Users\saman\Desktop\dooste koni\auth\login.py", line 245, in _single_login_attempt
    await page.goto(FC_WEBAPP_URL, timeout=30_000)
  File "C:\Users\saman\AppData\Local\Programs\Python\Python313\Lib\site-packages\playwright\async_api\_generated.py", line 9611, in goto
    await self._impl_obj.goto(
    ...<4 lines>...
    )
  File "C:\Users\saman\AppData\Local\Programs\Python\Python313\Lib\site-packages\playwright\_impl\_page.py", line 557, in goto
    return await self._main_frame.goto(**locals_to_params(locals()))
           ^^^^^^^^^^^^^^^^^^^^^^^^^^^^^^^^^^^^^^^^^^^^^^^^^^^^^^^^^
  File "C:\Users\saman\AppData\Local\Programs\Python\Python313\Lib\site-packages\playwright\_impl\_frame.py", line 156, in goto
    await self._channel.send(
        "goto", self._navigation_timeout, locals_to_params(locals())
    )
  File "C:\Users\saman\AppData\Local\Programs\Python\Python313\Lib\site-packages\playwright\_impl\_connection.py", line 69, in send
    return await self._connection.wrap_api_call(
           ^^^^^^^^^^^^^^^^^^^^^^^^^^^^^^^^^^^^^
    ...<3 lines>...
    )
    ^
  File "C:\Users\saman\AppData\Local\Programs\Python\Python313\Lib\site-packages\playwright\_impl\_connection.py", line 559, in wrap_api_call
    raise rewrite_error(error, f"{parsed_st['apiName']}: {error}") from None
playwright._impl._errors.TimeoutError: Page.goto: Timeout 30000ms exceeded.
Call log:
  - navigating to "https://www.ea.com/ea-sports-fc/ultimate-team/web-app/", waiting until "load"

2026-06-06 22:28:36 [WARNING] auth.login: Attempt 1 failed — retrying in 5s…
2026-06-06 22:28:41 [INFO] auth.login: Login attempt 2/3 for account 1 (Boyflame2974@gmail.com)
2026-06-06 22:28:50 [ERROR] asyncio: Error on reading from the event loop self pipe
loop: <ProactorEventLoop running=True closed=False debug=False>
Traceback (most recent call last):
  File "C:\Users\saman\AppData\Local\Programs\Python\Python313\Lib\asyncio\proactor_events.py", line 794, in _loop_self_reading
    f.result()  # may raise
    ~~~~~~~~^^
  File "C:\Users\saman\AppData\Local\Programs\Python\Python313\Lib\asyncio\windows_events.py", line 804, in _poll
    value = callback(transferred, key, ov)
  File "C:\Users\saman\AppData\Local\Programs\Python\Python313\Lib\asyncio\windows_events.py", line 463, in finish_socket_func
    return ov.getresult()
           ~~~~~~~~~~~~^^
ConnectionAbortedError: [WinError 1236] The network connection was aborted by the local system
2026-06-06 22:29:28 [ERROR] auth.login: Login attempt error for account 1: Page.wait_for_selector: Target page, context or browser has been closed
Call log:
  - waiting for locator("input[type='email'], input[name='email'], #email, input[placeholder*='mail']") to be visible
Traceback (most recent call last):
  File "C:\Users\saman\Desktop\dooste koni\auth\login.py", line 260, in _single_login_attempt
    await _fill_credentials(page, email, password)
  File "C:\Users\saman\Desktop\dooste koni\auth\login.py", line 68, in _fill_credentials
    await page.wait_for_selector(SEL_EMAIL, timeout=20_000)
  File "C:\Users\saman\AppData\Local\Programs\Python\Python313\Lib\site-packages\playwright\async_api\_generated.py", line 8795, in wait_for_selector
    await self._impl_obj.wait_for_selector(
    ...<4 lines>...
    )
  File "C:\Users\saman\AppData\Local\Programs\Python\Python313\Lib\site-packages\playwright\_impl\_page.py", line 424, in wait_for_selector
    return await self._main_frame.wait_for_selector(**locals_to_params(locals()))
           ^^^^^^^^^^^^^^^^^^^^^^^^^^^^^^^^^^^^^^^^^^^^^^^^^^^^^^^^^^^^^^^^^^^^^^
  File "C:\Users\saman\AppData\Local\Programs\Python\Python313\Lib\site-packages\playwright\_impl\_frame.py", line 372, in wait_for_selector
    await self._channel.send(
        "waitForSelector", self._timeout, locals_to_params(locals())
    )
  File "C:\Users\saman\AppData\Local\Programs\Python\Python313\Lib\site-packages\playwright\_impl\_connection.py", line 69, in send
    return await self._connection.wrap_api_call(
           ^^^^^^^^^^^^^^^^^^^^^^^^^^^^^^^^^^^^^
    ...<3 lines>...
    )
    ^
  File "C:\Users\saman\AppData\Local\Programs\Python\Python313\Lib\site-packages\playwright\_impl\_connection.py", line 559, in wrap_api_call
    raise rewrite_error(error, f"{parsed_st['apiName']}: {error}") from None
playwright._impl._errors.TargetClosedError: Page.wait_for_selector: Target page, context or browser has been closed
Call log:
  - waiting for locator("input[type='email'], input[name='email'], #email, input[placeholder*='mail']") to be visible

2026-06-06 22:29:34 [INFO] __main__: === FC Bot starting (all phases) ===
2026-06-06 22:29:34 [INFO] db.database: Database schema ready
2026-06-06 22:29:34 [INFO] db.database: Synced 1 EA account(s) to database
2026-06-06 22:29:34 [INFO] order_queue.manager: QueueManager starting…
2026-06-06 22:29:34 [INFO] order_queue.manager: Account 1 (Boyflame2974@gmail.com): no valid session — attempting login…
2026-06-06 22:29:34 [INFO] auth.login: Login attempt 1/3 for account 1 (Boyflame2974@gmail.com)
2026-06-06 22:30:27 [ERROR] auth.login: Login attempt error for account 1: Page.wait_for_selector: Timeout 20000ms exceeded.
Call log:
  - waiting for locator("input[type='email'], input[name='email'], #email, input[placeholder*='mail']") to be visible
Traceback (most recent call last):
  File "C:\Users\saman\Desktop\dooste koni\auth\login.py", line 260, in _single_login_attempt
    await _fill_credentials(page, email, password)
  File "C:\Users\saman\Desktop\dooste koni\auth\login.py", line 68, in _fill_credentials
    await page.wait_for_selector(SEL_EMAIL, timeout=20_000)
  File "C:\Users\saman\AppData\Local\Programs\Python\Python313\Lib\site-packages\playwright\async_api\_generated.py", line 8795, in wait_for_selector
    await self._impl_obj.wait_for_selector(
    ...<4 lines>...
    )
  File "C:\Users\saman\AppData\Local\Programs\Python\Python313\Lib\site-packages\playwright\_impl\_page.py", line 424, in wait_for_selector
    return await self._main_frame.wait_for_selector(**locals_to_params(locals()))
           ^^^^^^^^^^^^^^^^^^^^^^^^^^^^^^^^^^^^^^^^^^^^^^^^^^^^^^^^^^^^^^^^^^^^^^
  File "C:\Users\saman\AppData\Local\Programs\Python\Python313\Lib\site-packages\playwright\_impl\_frame.py", line 372, in wait_for_selector
    await self._channel.send(
        "waitForSelector", self._timeout, locals_to_params(locals())
    )
  File "C:\Users\saman\AppData\Local\Programs\Python\Python313\Lib\site-packages\playwright\_impl\_connection.py", line 69, in send
    return await self._connection.wrap_api_call(
           ^^^^^^^^^^^^^^^^^^^^^^^^^^^^^^^^^^^^^
    ...<3 lines>...
    )
    ^
  File "C:\Users\saman\AppData\Local\Programs\Python\Python313\Lib\site-packages\playwright\_impl\_connection.py", line 559, in wrap_api_call
    raise rewrite_error(error, f"{parsed_st['apiName']}: {error}") from None
playwright._impl._errors.TimeoutError: Page.wait_for_selector: Timeout 20000ms exceeded.
Call log:
  - waiting for locator("input[type='email'], input[name='email'], #email, input[placeholder*='mail']") to be visible

2026-06-06 22:30:27 [WARNING] auth.login: Attempt 1 failed — retrying in 5s…
2026-06-06 22:30:32 [INFO] auth.login: Login attempt 2/3 for account 1 (Boyflame2974@gmail.com)
2026-06-06 22:31:23 [ERROR] auth.login: Login attempt error for account 1: Page.wait_for_selector: Timeout 20000ms exceeded.
Call log:
  - waiting for locator("input[type='email'], input[name='email'], #email, input[placeholder*='mail']") to be visible
    2 × waiting for" https://signin.ea.com/p/juno/offline?locale=en_US&theme=" navigation to finish...
Traceback (most recent call last):
  File "C:\Users\saman\Desktop\dooste koni\auth\login.py", line 260, in _single_login_attempt
    await _fill_credentials(page, email, password)
  File "C:\Users\saman\Desktop\dooste koni\auth\login.py", line 68, in _fill_credentials
    await page.wait_for_selector(SEL_EMAIL, timeout=20_000)
  File "C:\Users\saman\AppData\Local\Programs\Python\Python313\Lib\site-packages\playwright\async_api\_generated.py", line 8795, in wait_for_selector
    await self._impl_obj.wait_for_selector(
    ...<4 lines>...
    )
  File "C:\Users\saman\AppData\Local\Programs\Python\Python313\Lib\site-packages\playwright\_impl\_page.py", line 424, in wait_for_selector
    return await self._main_frame.wait_for_selector(**locals_to_params(locals()))
           ^^^^^^^^^^^^^^^^^^^^^^^^^^^^^^^^^^^^^^^^^^^^^^^^^^^^^^^^^^^^^^^^^^^^^^
  File "C:\Users\saman\AppData\Local\Programs\Python\Python313\Lib\site-packages\playwright\_impl\_frame.py", line 372, in wait_for_selector
    await self._channel.send(
        "waitForSelector", self._timeout, locals_to_params(locals())
    )
  File "C:\Users\saman\AppData\Local\Programs\Python\Python313\Lib\site-packages\playwright\_impl\_connection.py", line 69, in send
    return await self._connection.wrap_api_call(
           ^^^^^^^^^^^^^^^^^^^^^^^^^^^^^^^^^^^^^
    ...<3 lines>...
    )
    ^
  File "C:\Users\saman\AppData\Local\Programs\Python\Python313\Lib\site-packages\playwright\_impl\_connection.py", line 559, in wrap_api_call
    raise rewrite_error(error, f"{parsed_st['apiName']}: {error}") from None
playwright._impl._errors.TimeoutError: Page.wait_for_selector: Timeout 20000ms exceeded.
Call log:
  - waiting for locator("input[type='email'], input[name='email'], #email, input[placeholder*='mail']") to be visible
    2 × waiting for" https://signin.ea.com/p/juno/offline?locale=en_US&theme=" navigation to finish...

2026-06-06 22:31:23 [WARNING] auth.login: Attempt 2 failed — retrying in 10s…
2026-06-06 22:31:33 [INFO] auth.login: Login attempt 3/3 for account 1 (Boyflame2974@gmail.com)
2026-06-06 22:32:33 [ERROR] auth.login: Login attempt error for account 1: Page.click: Timeout 30000ms exceeded.
Call log:
  - waiting for locator("button[type='submit'], .btn-primary, button:has-text('NEXT')")
Traceback (most recent call last):
  File "C:\Users\saman\Desktop\dooste koni\auth\login.py", line 260, in _single_login_attempt
    await _fill_credentials(page, email, password)
  File "C:\Users\saman\Desktop\dooste koni\auth\login.py", line 70, in _fill_credentials
    await page.click(SEL_BTN_NEXT)
  File "C:\Users\saman\AppData\Local\Programs\Python\Python313\Lib\site-packages\playwright\async_api\_generated.py", line 10749, in click
    await self._impl_obj.click(
    ...<11 lines>...
    )
  File "C:\Users\saman\AppData\Local\Programs\Python\Python313\Lib\site-packages\playwright\_impl\_page.py", line 878, in click
    return await self._main_frame._click(**locals_to_params(locals()))
           ^^^^^^^^^^^^^^^^^^^^^^^^^^^^^^^^^^^^^^^^^^^^^^^^^^^^^^^^^^^
  File "C:\Users\saman\AppData\Local\Programs\Python\Python313\Lib\site-packages\playwright\_impl\_frame.py", line 569, in _click
    await self._channel.send("click", self._timeout, locals_to_params(locals()))
  File "C:\Users\saman\AppData\Local\Programs\Python\Python313\Lib\site-packages\playwright\_impl\_connection.py", line 69, in send
    return await self._connection.wrap_api_call(
           ^^^^^^^^^^^^^^^^^^^^^^^^^^^^^^^^^^^^^
    ...<3 lines>...
    )
    ^
  File "C:\Users\saman\AppData\Local\Programs\Python\Python313\Lib\site-packages\playwright\_impl\_connection.py", line 559, in wrap_api_call
    raise rewrite_error(error, f"{parsed_st['apiName']}: {error}") from None
playwright._impl._errors.TimeoutError: Page.click: Timeout 30000ms exceeded.
Call log:
  - waiting for locator("button[type='submit'], .btn-primary, button:has-text('NEXT')")

2026-06-06 22:32:34 [ERROR] auth.login: All login attempts failed for account 1
2026-06-06 22:32:34 [ERROR] order_queue.manager: Account 1 (Boyflame2974@gmail.com): login failed — worker will not be started
2026-06-06 22:32:34 [INFO] order_queue.manager: QueueManager ready: 0 worker(s), 0 order(s) re-queued
2026-06-06 22:32:34 [INFO] apscheduler.scheduler: Adding job tentatively -- it will be properly scheduled when the scheduler starts
2026-06-06 22:32:34 [INFO] scheduler.runner: Accounting scheduler configured — job 'accounting_9h' every 9 hours
2026-06-06 22:32:34 [INFO] apscheduler.scheduler: Added job "_accounting_job" to job store "default"
2026-06-06 22:32:34 [INFO] apscheduler.scheduler: Scheduler started
2026-06-06 22:32:34 [INFO] __main__: Accounting scheduler started (every 9 hours)
2026-06-06 22:32:55 [ERROR] asyncio: Unclosed client session
client_session: <aiohttp.client.ClientSession object at 0x000001D571EF3770>
2026-06-07 18:03:20 [INFO] __main__: === FC Bot starting (all phases) ===
2026-06-07 18:03:20 [INFO] db.database: Database schema ready
2026-06-07 18:03:20 [INFO] db.database: Synced 1 EA account(s) to database
2026-06-07 18:03:20 [INFO] order_queue.manager: QueueManager starting…
2026-06-07 18:03:20 [INFO] order_queue.manager: Account 1 (Boyflame2974@gmail.com): no valid session — attempting login…
2026-06-07 18:03:20 [INFO] auth.login: Login attempt 1/3 for account 1 (Boyflame2974@gmail.com)
2026-06-07 18:04:11 [ERROR] auth.login: Login attempt error for account 1: Page.wait_for_selector: Timeout 20000ms exceeded.
Call log:
  - waiting for locator("#email") to be visible
Traceback (most recent call last):
  File "C:\Users\saman\Desktop\dooste koni\auth\login.py", line 262, in _single_login_attempt
    await _fill_credentials(page, email, password)
  File "C:\Users\saman\Desktop\dooste koni\auth\login.py", line 68, in _fill_credentials
    await page.wait_for_selector("#email", timeout=20_000)
  File "C:\Users\saman\AppData\Local\Programs\Python\Python313\Lib\site-packages\playwright\async_api\_generated.py", line 8795, in wait_for_selector
    await self._impl_obj.wait_for_selector(
    ...<4 lines>...
    )
  File "C:\Users\saman\AppData\Local\Programs\Python\Python313\Lib\site-packages\playwright\_impl\_page.py", line 424, in wait_for_selector
    return await self._main_frame.wait_for_selector(**locals_to_params(locals()))
           ^^^^^^^^^^^^^^^^^^^^^^^^^^^^^^^^^^^^^^^^^^^^^^^^^^^^^^^^^^^^^^^^^^^^^^
  File "C:\Users\saman\AppData\Local\Programs\Python\Python313\Lib\site-packages\playwright\_impl\_frame.py", line 372, in wait_for_selector
    await self._channel.send(
        "waitForSelector", self._timeout, locals_to_params(locals())
    )
  File "C:\Users\saman\AppData\Local\Programs\Python\Python313\Lib\site-packages\playwright\_impl\_connection.py", line 69, in send
    return await self._connection.wrap_api_call(
           ^^^^^^^^^^^^^^^^^^^^^^^^^^^^^^^^^^^^^
    ...<3 lines>...
    )
    ^
  File "C:\Users\saman\AppData\Local\Programs\Python\Python313\Lib\site-packages\playwright\_impl\_connection.py", line 559, in wrap_api_call
    raise rewrite_error(error, f"{parsed_st['apiName']}: {error}") from None
playwright._impl._errors.TimeoutError: Page.wait_for_selector: Timeout 20000ms exceeded.
Call log:
  - waiting for locator("#email") to be visible

2026-06-07 18:04:11 [WARNING] auth.login: Attempt 1 failed — retrying in 5s…
2026-06-07 18:04:16 [INFO] auth.login: Login attempt 2/3 for account 1 (Boyflame2974@gmail.com)
2026-06-07 18:05:04 [ERROR] auth.login: Login attempt error for account 1: Page.wait_for_selector: Timeout 20000ms exceeded.
Call log:
  - waiting for locator("#email") to be visible
Traceback (most recent call last):
  File "C:\Users\saman\Desktop\dooste koni\auth\login.py", line 262, in _single_login_attempt
    await _fill_credentials(page, email, password)
  File "C:\Users\saman\Desktop\dooste koni\auth\login.py", line 68, in _fill_credentials
    await page.wait_for_selector("#email", timeout=20_000)
  File "C:\Users\saman\AppData\Local\Programs\Python\Python313\Lib\site-packages\playwright\async_api\_generated.py", line 8795, in wait_for_selector
    await self._impl_obj.wait_for_selector(
    ...<4 lines>...
    )
  File "C:\Users\saman\AppData\Local\Programs\Python\Python313\Lib\site-packages\playwright\_impl\_page.py", line 424, in wait_for_selector
    return await self._main_frame.wait_for_selector(**locals_to_params(locals()))
           ^^^^^^^^^^^^^^^^^^^^^^^^^^^^^^^^^^^^^^^^^^^^^^^^^^^^^^^^^^^^^^^^^^^^^^
  File "C:\Users\saman\AppData\Local\Programs\Python\Python313\Lib\site-packages\playwright\_impl\_frame.py", line 372, in wait_for_selector
    await self._channel.send(
        "waitForSelector", self._timeout, locals_to_params(locals())
    )
  File "C:\Users\saman\AppData\Local\Programs\Python\Python313\Lib\site-packages\playwright\_impl\_connection.py", line 69, in send
    return await self._connection.wrap_api_call(
           ^^^^^^^^^^^^^^^^^^^^^^^^^^^^^^^^^^^^^
    ...<3 lines>...
    )
    ^
  File "C:\Users\saman\AppData\Local\Programs\Python\Python313\Lib\site-packages\playwright\_impl\_connection.py", line 559, in wrap_api_call
    raise rewrite_error(error, f"{parsed_st['apiName']}: {error}") from None
playwright._impl._errors.TimeoutError: Page.wait_for_selector: Timeout 20000ms exceeded.
Call log:
  - waiting for locator("#email") to be visible

2026-06-07 18:05:04 [WARNING] auth.login: Attempt 2 failed — retrying in 10s…
2026-06-07 18:05:14 [INFO] auth.login: Login attempt 3/3 for account 1 (Boyflame2974@gmail.com)
2026-06-07 18:05:28 [ERROR] auth.login: Login attempt error for account 1: Page.wait_for_selector: Target page, context or browser has been closed
Call log:
  - waiting for locator("#email") to be visible
Traceback (most recent call last):
  File "C:\Users\saman\Desktop\dooste koni\auth\login.py", line 257, in _single_login_attempt
    await page.wait_for_selector(SEL_EMAIL, timeout=20_000)
  File "C:\Users\saman\AppData\Local\Programs\Python\Python313\Lib\site-packages\playwright\async_api\_generated.py", line 8795, in wait_for_selector
    await self._impl_obj.wait_for_selector(
    ...<4 lines>...
    )
  File "C:\Users\saman\AppData\Local\Programs\Python\Python313\Lib\site-packages\playwright\_impl\_page.py", line 424, in wait_for_selector
    return await self._main_frame.wait_for_selector(**locals_to_params(locals()))
           ^^^^^^^^^^^^^^^^^^^^^^^^^^^^^^^^^^^^^^^^^^^^^^^^^^^^^^^^^^^^^^^^^^^^^^
  File "C:\Users\saman\AppData\Local\Programs\Python\Python313\Lib\site-packages\playwright\_impl\_frame.py", line 372, in wait_for_selector
    await self._channel.send(
        "waitForSelector", self._timeout, locals_to_params(locals())
    )
  File "C:\Users\saman\AppData\Local\Programs\Python\Python313\Lib\site-packages\playwright\_impl\_connection.py", line 69, in send
    return await self._connection.wrap_api_call(
           ^^^^^^^^^^^^^^^^^^^^^^^^^^^^^^^^^^^^^
    ...<3 lines>...
    )
    ^
  File "C:\Users\saman\AppData\Local\Programs\Python\Python313\Lib\site-packages\playwright\_impl\_connection.py", line 559, in wrap_api_call
    raise rewrite_error(error, f"{parsed_st['apiName']}: {error}") from None
playwright._impl._errors.TargetClosedError: Page.wait_for_selector: Target page, context or browser has been closed
Call log:
  - waiting for locator("#email") to be visible

2026-06-08 12:05:16 [INFO] __main__: === FC Bot starting (all phases) ===
2026-06-08 12:05:16 [INFO] db.database: Database schema ready
2026-06-08 12:05:16 [INFO] db.database: Synced 1 EA account(s) to database
2026-06-08 12:05:16 [INFO] order_queue.manager: QueueManager starting…
2026-06-08 12:05:16 [INFO] order_queue.manager: Account 1 (Boyflame2974@gmail.com): no valid session — attempting login…
2026-06-08 12:05:16 [INFO] auth.login: Login attempt 1/3 for account 1 (Boyflame2974@gmail.com)
2026-06-08 12:05:53 [ERROR] auth.login: Login attempt error for account 1: Page.wait_for_selector: Target page, context or browser has been closed
Call log:
  - waiting for locator("input[placeholder*='6 digit']") to be visible
Traceback (most recent call last):
  File "C:\Users\saman\Desktop\dooste koni\auth\login.py", line 331, in _single_login_attempt
    await _handle_2fa(page, otp_key)
  File "C:\Users\saman\Desktop\dooste koni\auth\login.py", line 110, in _handle_2fa
    await page.wait_for_selector(sel, timeout=8_000)
  File "C:\Users\saman\AppData\Local\Programs\Python\Python313\Lib\site-packages\playwright\async_api\_generated.py", line 8795, in wait_for_selector
    await self._impl_obj.wait_for_selector(
    ...<4 lines>...
    )
  File "C:\Users\saman\AppData\Local\Programs\Python\Python313\Lib\site-packages\playwright\_impl\_page.py", line 424, in wait_for_selector
    return await self._main_frame.wait_for_selector(**locals_to_params(locals()))
           ^^^^^^^^^^^^^^^^^^^^^^^^^^^^^^^^^^^^^^^^^^^^^^^^^^^^^^^^^^^^^^^^^^^^^^
  File "C:\Users\saman\AppData\Local\Programs\Python\Python313\Lib\site-packages\playwright\_impl\_frame.py", line 372, in wait_for_selector
    await self._channel.send(
        "waitForSelector", self._timeout, locals_to_params(locals())
    )
  File "C:\Users\saman\AppData\Local\Programs\Python\Python313\Lib\site-packages\playwright\_impl\_connection.py", line 69, in send
    return await self._connection.wrap_api_call(
           ^^^^^^^^^^^^^^^^^^^^^^^^^^^^^^^^^^^^^
    ...<3 lines>...
    )
    ^
  File "C:\Users\saman\AppData\Local\Programs\Python\Python313\Lib\site-packages\playwright\_impl\_connection.py", line 559, in wrap_api_call
    raise rewrite_error(error, f"{parsed_st['apiName']}: {error}") from None
playwright._impl._errors.TargetClosedError: Page.wait_for_selector: Target page, context or browser has been closed
Call log:
  - waiting for locator("input[placeholder*='6 digit']") to be visible

2026-06-08 12:05:53 [WARNING] auth.login: Attempt 1 failed — retrying in 5s…
2026-06-08 12:05:58 [INFO] auth.login: Login attempt 2/3 for account 1 (Boyflame2974@gmail.com)
2026-06-08 12:06:18 [ERROR] auth.login: Login attempt error for account 1: Page.wait_for_selector: Target page, context or browser has been closed
Call log:
  - waiting for locator("input[placeholder*='6 digit']") to be visible
Traceback (most recent call last):
  File "C:\Users\saman\Desktop\dooste koni\auth\login.py", line 331, in _single_login_attempt
    await _handle_2fa(page, otp_key)
  File "C:\Users\saman\Desktop\dooste koni\auth\login.py", line 110, in _handle_2fa
    await page.wait_for_selector(sel, timeout=8_000)
  File "C:\Users\saman\AppData\Local\Programs\Python\Python313\Lib\site-packages\playwright\async_api\_generated.py", line 8795, in wait_for_selector
    await self._impl_obj.wait_for_selector(
    ...<4 lines>...
    )
  File "C:\Users\saman\AppData\Local\Programs\Python\Python313\Lib\site-packages\playwright\_impl\_page.py", line 424, in wait_for_selector
    return await self._main_frame.wait_for_selector(**locals_to_params(locals()))
           ^^^^^^^^^^^^^^^^^^^^^^^^^^^^^^^^^^^^^^^^^^^^^^^^^^^^^^^^^^^^^^^^^^^^^^
  File "C:\Users\saman\AppData\Local\Programs\Python\Python313\Lib\site-packages\playwright\_impl\_frame.py", line 372, in wait_for_selector
    await self._channel.send(
        "waitForSelector", self._timeout, locals_to_params(locals())
    )
  File "C:\Users\saman\AppData\Local\Programs\Python\Python313\Lib\site-packages\playwright\_impl\_connection.py", line 69, in send
    return await self._connection.wrap_api_call(
           ^^^^^^^^^^^^^^^^^^^^^^^^^^^^^^^^^^^^^
    ...<3 lines>...
    )
    ^
  File "C:\Users\saman\AppData\Local\Programs\Python\Python313\Lib\site-packages\playwright\_impl\_connection.py", line 559, in wrap_api_call
    raise rewrite_error(error, f"{parsed_st['apiName']}: {error}") from None
playwright._impl._errors.TargetClosedError: Page.wait_for_selector: Target page, context or browser has been closed
Call log:
  - waiting for locator("input[placeholder*='6 digit']") to be visible

2026-06-08 12:06:18 [WARNING] auth.login: Attempt 2 failed — retrying in 10s…
2026-06-08 12:06:28 [INFO] auth.login: Login attempt 3/3 for account 1 (Boyflame2974@gmail.com)
2026-06-08 12:07:52 [ERROR] auth.login: Login attempt error for account 1: Timeout 40000ms exceeded.
=========================== logs ===========================
waiting for navigation to "**/web-app/**" until 'load'
============================================================
Traceback (most recent call last):
  File "C:\Users\saman\Desktop\dooste koni\auth\login.py", line 335, in _single_login_attempt
    await page.wait_for_url("**/web-app/**", timeout=40_000)
  File "C:\Users\saman\AppData\Local\Programs\Python\Python313\Lib\site-packages\playwright\async_api\_generated.py", line 9759, in wait_for_url
    await self._impl_obj.wait_for_url(
    ...<3 lines>...
    )
  File "C:\Users\saman\AppData\Local\Programs\Python\Python313\Lib\site-packages\playwright\_impl\_page.py", line 585, in wait_for_url
    return await self._main_frame.wait_for_url(**locals_to_params(locals()))
           ^^^^^^^^^^^^^^^^^^^^^^^^^^^^^^^^^^^^^^^^^^^^^^^^^^^^^^^^^^^^^^^^^
  File "C:\Users\saman\AppData\Local\Programs\Python\Python313\Lib\site-packages\playwright\_impl\_frame.py", line 266, in wait_for_url
    async with self.expect_navigation(
               ~~~~~~~~~~~~~~~~~~~~~~^
        url=url, waitUntil=waitUntil, timeout=timeout
        ^^^^^^^^^^^^^^^^^^^^^^^^^^^^^^^^^^^^^^^^^^^^^
    ):
    ^
  File "C:\Users\saman\AppData\Local\Programs\Python\Python313\Lib\site-packages\playwright\_impl\_event_context_manager.py", line 33, in __aexit__
    await self._future
  File "C:\Users\saman\AppData\Local\Programs\Python\Python313\Lib\site-packages\playwright\_impl\_frame.py", line 242, in continuation
    event = await waiter.result()
            ^^^^^^^^^^^^^^^^^^^^^
playwright._impl._errors.TimeoutError: Timeout 40000ms exceeded.
=========================== logs ===========================
waiting for navigation to "**/web-app/**" until 'load'
============================================================
2026-06-08 12:07:52 [ERROR] auth.login: All login attempts failed for account 1
2026-06-08 12:07:52 [ERROR] order_queue.manager: Account 1 (Boyflame2974@gmail.com): login failed — worker will not be started
2026-06-08 12:07:52 [INFO] order_queue.manager: QueueManager ready: 0 worker(s), 0 order(s) re-queued
2026-06-08 12:07:52 [INFO] apscheduler.scheduler: Adding job tentatively -- it will be properly scheduled when the scheduler starts
2026-06-08 12:07:52 [INFO] scheduler.runner: Accounting scheduler configured — job 'accounting_9h' every 9 hours
2026-06-08 12:07:52 [INFO] apscheduler.scheduler: Added job "_accounting_job" to job store "default"
2026-06-08 12:07:52 [INFO] apscheduler.scheduler: Scheduler started
2026-06-08 12:07:52 [INFO] __main__: Accounting scheduler started (every 9 hours)
2026-06-08 12:08:14 [ERROR] asyncio: Unclosed client session
client_session: <aiohttp.client.ClientSession object at 0x0000020DFC9B5550>
2026-07-05 23:43:36 [INFO] db.database: Database schema ready
2026-07-05 23:43:36 [INFO] db.database: DSFUT order stored: id=1 transaction=108252 player= account=b***@***
2026-07-05 23:43:36 [INFO] db.database: Account added via bot: id=1 email=b***@***
2026-07-05 23:43:36 [INFO] dsfut_browser.poller: ✅ DSFUT: picked up & stored order id=108252 coins=1490000 account=b***@***
2026-07-05 23:43:36 [INFO] dsfut_browser.poller: DSFUT: order 108252 already stored — skipping duplicate
2026-07-05 23:43:36 [INFO] dsfut_browser.poller: DSFUT: order 109999 lost — another supplier took it first
2026-07-05 23:49:40 [INFO] test: ✅ DSFUT: picked up & stored order id=108252 account=b***@***
2026-07-05 23:50:54 [INFO] db.database: Database schema ready
2026-07-05 23:50:55 [INFO] db.database: DSFUT order stored: id=1 transaction=108252 player= account=b***@***
2026-07-05 23:50:55 [INFO] db.database: Account added via bot: id=1 email=b***@***
2026-07-05 23:50:55 [INFO] dsfut_browser.poller: ✅ DSFUT: picked up & stored order id=108252 coins=1490000 account=b***@***
